<?xml version="1.0" encoding="UTF-8"?>
<!-- Generated by org.testng.reporters.JUnitReportReporter -->
<testsuite skipped="0" hostname="DESKTOP-HGE99I0" name="testNG.TestGrouping" tests="4" failures="0" timestamp="24 十月 2018 16:07:32 GMT" time="0.066" errors="0">
  <testcase name="f2" time="0.008" classname="testNG.TestGrouping"/>
  <testcase name="f5" time="0.009" classname="testNG.TestGrouping"/>
  <testcase name="f1" time="0.040" classname="testNG.TestGrouping"/>
  <testcase name="f6" time="0.009" classname="testNG.TestGrouping"/>
</testsuite> <!-- testNG.TestGrouping -->
