<?xml version="1.0" encoding="UTF-8"?>
<!-- Generated by org.testng.reporters.JUnitReportReporter -->
<testsuite skipped="0" hostname="DESKTOP-HGE99I0" name="testNG.NewTest" tests="2" failures="0" timestamp="24 十月 2018 15:59:02 GMT" time="0.040" errors="0">
  <testcase name="f2" time="0.008" classname="testNG.NewTest"/>
  <testcase name="f1" time="0.032" classname="testNG.NewTest"/>
</testsuite> <!-- testNG.NewTest -->
