<?xml version="1.0" encoding="UTF-8"?>
<!-- Generated by org.testng.reporters.JUnitReportReporter -->
<testsuite skipped="0" hostname="DESKTOP-HGE99I0" name="testNG.TestGroupNew" tests="2" failures="0" timestamp="24 十月 2018 16:07:32 GMT" time="0.017" errors="0">
  <testcase name="m1" time="0.008" classname="testNG.TestGroupNew"/>
  <testcase name="m2" time="0.009" classname="testNG.TestGroupNew"/>
</testsuite> <!-- testNG.TestGroupNew -->
