<?xml version="1.0" encoding="UTF-8"?>
<!-- Generated by org.testng.reporters.JUnitReportReporter -->
<testsuite skipped="1" hostname="DESKTOP-HGE99I0" name="testNG.TestNGAttributes" tests="6" failures="0" timestamp="24 十月 2018 10:55:53 GMT" time="0.177" errors="0">
  <testcase name="d" time="0.115" classname="testNG.TestNGAttributes"/>
  <testcase name="e" time="0.012" classname="testNG.TestNGAttributes"/>
  <testcase name="m" time="0.015" classname="testNG.TestNGAttributes"/>
  <testcase name="h" time="0.017" classname="testNG.TestNGAttributes"/>
  <testcase name="o" time="0.018" classname="testNG.TestNGAttributes"/>
  <testcase name="f" classname="testNG.TestNGAttributes">
    <skipped/>
  </testcase> <!-- f -->
</testsuite> <!-- testNG.TestNGAttributes -->
