<?xml version="1.0" encoding="UTF-8"?>
<!-- Generated by org.testng.reporters.JUnitReportReporter -->
<testsuite skipped="0" hostname="DESKTOP-HGE99I0" name="testNG.TestdependencyUsingFacebook" tests="2" failures="0" timestamp="24 十月 2018 15:02:26 GMT" time="42.282" errors="0">
  <testcase name="openBrowser" time="29.928" classname="testNG.TestdependencyUsingFacebook"/>
  <testcase name="loginToFacebook" time="12.354" classname="testNG.TestdependencyUsingFacebook"/>
</testsuite> <!-- testNG.TestdependencyUsingFacebook -->
